<?xml version="1.0" encoding="utf-8" standalone="no"?>
<test-run id="2" testcasecount="0" result="Failed" label="Invalid" total="0" passed="0" failed="0" inconclusive="0" skipped="0" asserts="0" engine-version="3.7.0.0" clr-version="4.0.30319.42000" start-time="2017-10-27 23:36:43Z" end-time="2017-10-27 23:36:44Z" duration="0.446611">
  <command-line><![CDATA[NUNIT3-CONSOLE  ArithmeticTests.cs]]></command-line>
  <test-suite type="Unknown" id="0-1" name="ArithmeticTests.cs" fullname="C:\Users\Wes\Projects\FiveMinute\VsCodeCustomTasks\ArithmeticTests.cs" testcasecount="0" runstate="NotRunnable" result="Failed" label="Invalid">
    <properties>
      <property name="_SKIPREASON" value="File type is not supported" />
    </properties>
    <reason>
      <message>File type is not supported</message>
    </reason>
  </test-suite>
</test-run>